{"/home/plbraga/Documents/react-scaffold/src/components/Card/Card.jsx": {"path":"/home/plbraga/Documents/react-scaffold/src/components/Card/Card.jsx","statementMap":{"0":{"start":{"line":7,"column":28},"end":{"line":7,"column":38}},"1":{"start":{"line":9,"column":4},"end":{"line":14,"column":5}},"2":{"start":{"line":18,"column":0},"end":{"line":21,"column":1}}},"fnMap":{"0":{"name":"(anonymous_0)","decl":{"start":{"line":6,"column":2},"end":{"line":6,"column":3}},"loc":{"start":{"line":6,"column":11},"end":{"line":15,"column":3}},"line":6}},"branchMap":{},"s":{"0":1,"1":1,"2":2},"f":{"0":1},"b":{},"_coverageSchema":"43e27e138ebf9cfc5966b082cf9a028302ed4184","hash":"988948164ac9eea6068dd1e3cb57bd02ef1833fe"}
,"/home/plbraga/Documents/react-scaffold/src/pages/WelcomePage/WelcomePage.jsx": {"path":"/home/plbraga/Documents/react-scaffold/src/pages/WelcomePage/WelcomePage.jsx","statementMap":{"0":{"start":{"line":4,"column":20},"end":{"line":12,"column":1}},"1":{"start":{"line":6,"column":2},"end":{"line":10,"column":3}}},"fnMap":{"0":{"name":"(anonymous_0)","decl":{"start":{"line":4,"column":20},"end":{"line":4,"column":21}},"loc":{"start":{"line":4,"column":26},"end":{"line":12,"column":1}},"line":4}},"branchMap":{},"s":{"0":1,"1":1},"f":{"0":1},"b":{},"_coverageSchema":"43e27e138ebf9cfc5966b082cf9a028302ed4184","hash":"902fe6b930a0278707d893fa93870399f54a4d2b"}
}
